1665053754943	geckodriver	INFO	Listening on 127.0.0.1:53104
1665053755431	mozrunner::runner	INFO	Running command: "C:\\Program Files\\Mozilla Firefox\\firefox.exe" "--marionette" "--remote-debugging-port" "53105" "--remote-allow-hosts" "localhost" "-no-remote" "-profile" "C:\\Users\\dk8865\\AppData\\Local\\Temp\\rust_mozprofileCHtsQV"
1665053755795	Marionette	INFO	Marionette enabled
1665053755800	Marionette	INFO	Listening on port 53113
WebDriver BiDi listening on ws://127.0.0.1:53105
Read port: 53113
1665053755970	RemoteAgent	WARN	TLS certificate errors will be ignored for this session
console.warn: SearchSettings: "get: No settings file exists, new profile?" (new NotFoundError("Could not open the file at C:\\Users\\dk8865\\AppData\\Local\\Temp\\rust_mozprofileCHtsQV\\search.json.mozlz4", (void 0)))
DevTools listening on ws://127.0.0.1:53105/devtools/browser/09a90cda-6e92-4141-b5c8-eb0e8f7d4467
JavaScript warning: https://mcb.nyc3.cdn.digitaloceanspaces.com/assets/js/userhs.js, line 1: WEBGL_debug_renderer_info is deprecated in Firefox and will be removed. Please use RENDERER.
JavaScript warning: https://mcb.nyc3.cdn.digitaloceanspaces.com/assets/js/userhs.js, line 1: WEBGL_debug_renderer_info is deprecated in Firefox and will be removed. Please use RENDERER.
JavaScript warning: https://secure-ds.serving-sys.com/BurstingCachedScripts//Ad_2_227_3_0/ebStdBannerEx.js, line 147: WEBGL_debug_renderer_info is deprecated in Firefox and will be removed. Please use RENDERER.
JavaScript warning: https://pagead2.googlesyndication.com/bg/gnLtmcL-mn53pq-EJRMXOCFACjpZd0iqiIv80oTeKas.js line 2 > eval line 4531 > eval line 1 > eval line 1 > eval, line 1: WEBGL_debug_renderer_info is deprecated in Firefox and will be removed. Please use RENDERER.
1665053948185	Marionette	INFO	Stopped listening on port 53113
console.warn: TopSitesFeed: Failed to fetch data from Contile server: NetworkError when attempting to fetch resource.
!!! error running onStopped callback: TypeError: callback is not a function
JavaScript error: , line 0: TypeError: NetworkError when attempting to fetch resource.
JavaScript error: , line 0: TypeError: NetworkError when attempting to fetch resource.
JavaScript error: , line 0: TypeError: NetworkError when attempting to fetch resource.
RemoteAgent	WARN	TLS certificate errors will be ignored for this session
console.warn: SearchSettings: "get: No settings file exists, new profile?" (new NotFoundError("Could not open the file at C:\\Users\\dk8865\\AppData\\Local\\Temp\\rust_mozprofilemBHJic\\search.json.mozlz4", (void 0)))
DevTools listening on ws://127.0.0.1:53589/devtools/browser/73692d70-470e-4fdc-b18e-5160d49f6f13
JavaScript warning: https://mcb.nyc3.cdn.digitaloceanspaces.com/assets/js/userhs.js, line 1: WEBGL_debug_renderer_info is deprecated in Firefox and will be removed. Please use RENDERER.
JavaScript warning: https://mcb.nyc3.cdn.digitaloceanspaces.com/assets/js/userhs.js, line 1: WEBGL_debug_renderer_info is deprecated in Firefox and will be removed. Please use RENDERER.
JavaScript warning: https://pagead2.googlesyndication.com/bg/gnLtmcL-mn53pq-EJRMXOCFACjpZd0iqiIv80oTeKas.js line 2 > eval line 2698 > eval line 1 > eval line 1 > eval, line 1: WEBGL_debug_renderer_info is deprecated in Firefox and will be removed. Please use RENDERER.
JavaScript error: resource://devtools/server/actors/utils/sources-manager.js, line 432: TypeError: channel is null
JavaScript error: resource://gre/modules/AsyncShutdown.jsm, line 576: NotFoundError: No such JSWindowActor 'DevToolsFrame'
JavaScript error: resource://gre/modules/AsyncShutdown.jsm, line 576: NotFoundError: No such JSWindowActor 'DevToolsFrame'
JavaScript error: resource://gre/modules/AsyncShutdown.jsm, line 576: NotFoundError: No s1665054069523	Marionette	INFO	Marionette enabled
1665054069529	Marionette	INFO	Listening on port 53969
Read port: 53969
WebDriver BiDi listening on ws://127.0.0.1:53962
1665054069684	RemoteAgent	WARN	TLS certificate errors will be ignored for this session
console.warn: SearchSettings: "get: No settings file exists, new profile?" (new NotFoundError("Could not open the file at C:\\Users\\dk8865\\AppData\\Local\\Temp\\rust_mozprofilePkx4oD\\search.json.mozlz4", (void 0)))
DevTools listening on ws://127.0.0.1:53962/devtools/browser/457787b4-7759-49da-82d2-5063d9d450ee
JavaScript warning: https://mcb.nyc3.cdn.digitaloceanspaces.com/assets/js/userhs.js, line 1: WEBGL_debug_renderer_info is deprecated in Firefox and will be removed. Please use RENDERER.
JavaScript warning: https://mcb.nyc3.cdn.digitaloceanspaces.com/assets/js/userhs.js, line 1: WEBGL_debug_renderer_info is deprecated in Firefox and will be removed. Please use RENDERER.
JavaScript warning: https://secure-ds.serving-sys.com/BurstingCachedScripts//Ad_2_227_3_0/ebStdBannerEx.js, line 147: WEBGL_debug_renderer_info is deprecated in Firefox and will be removed. Please use RENDERER.
JavaScript warning: https://pagead2.googlesyndication.com/bg/gnLtmcL-mn53pq-EJRMXOCFACjpZd0iqiIv80oTeKas.js line 2 > eval line 3300 > eval line 1 > eval line 1 > eval, line 1: WEBGL_debug_renderer_info is deprecated in Firefox and will be removed. Please use RENDERER.
1665054094351	Marionette	WARN	TimedPromise timed out after 500 ms: stacktrace:
TimedPromise/<@chrome://remote/content/marionette/sync.js:236:24
TimedPromise@chrome://remote/content/marionette/sync.js:221:10
interaction.flushEventLoop@chrome://remote/content/marionette/interaction.js:431:10
webdriverClickElement@chrome://remote/content/marionette/interaction.js:179:31
JavaScript warning: https://pagead2.googlesyndication.com/bg/gnLtmcL-mn53pq-EJRMXOCFACjpZd0iqiIv80oTeKas.js line 2 > eval line 3892 > eval line 1 > eval line 1 > eval, line 1: WEBGL_debug_renderer_info is deprecated in Firefox and will be removed. Please use RENDERER.
1665054109548	Marionette	INFO	Stopped listening on port 53969
JavaScript error: , line 0: TypeError: NetworkError when attempting to fetch resource.
JavaScript error: , line 0: TypeError: NetworkError when attempting to fetch resource.
JavaScript error: , line 0: TypeError: NetworkError when attempting to fetch resource.
console.warn: TopSitesFeed: Failed to fetch data from Contile server: NetworkError when attempting to fetch resource.
